<?xml version="1.0" encoding="UTF-8"?>
<testng-results skipped="0" failed="0" ignored="0" total="1" passed="1">
  <reporter-output>
  </reporter-output>
  <suite name="Suite1" duration-ms="83" started-at="2017-06-21T09:45:15Z" finished-at="2017-06-21T09:45:16Z">
    <groups>
    </groups>
    <test name="Test1" duration-ms="83" started-at="2017-06-21T09:45:15Z" finished-at="2017-06-21T09:45:16Z">
      <class name="tests.AppTest">
        <test-method status="PASS" signature="displayTest()[pri:0, instance:tests.AppTest@42dafa95]" name="displayTest" duration-ms="27" started-at="2017-06-21T15:15:16Z" finished-at="2017-06-21T15:15:16Z">
          <reporter-output>
          </reporter-output>
        </test-method> <!-- displayTest -->
      </class> <!-- tests.AppTest -->
    </test> <!-- Test1 -->
  </suite> <!-- Suite1 -->
</testng-results>
